<?xml version="1.0" encoding="UTF-8"?>
<testng-results ignored="0" total="4" passed="4" failed="0" skipped="0">
  <reporter-output>
    <line>
      <![CDATA[running TC3..]]>
    </line>
    <line>
      <![CDATA[running TC4..]]>
    </line>
    <line>
      <![CDATA[running TC1..]]>
    </line>
    <line>
      <![CDATA[running TC2..]]>
    </line>
  </reporter-output>
  <suite started-at="2022-04-11T11:46:32 IST" name="Suite" finished-at="2022-04-11T11:46:33 IST" duration-ms="89">
    <groups>
    </groups>
    <test started-at="2022-04-11T11:46:32 IST" name="Test" finished-at="2022-04-11T11:46:33 IST" duration-ms="89">
      <class name="WebDriver.example8_Suite_Sample2">
        <test-method signature="TC3()[pri:0, instance:WebDriver.example8_Suite_Sample2@659a969b]" started-at="2022-04-11T11:46:32 IST" name="TC3" finished-at="2022-04-11T11:46:32 IST" duration-ms="13" status="PASS">
          <reporter-output>
            <line>
              <![CDATA[running TC3..]]>
            </line>
          </reporter-output>
        </test-method> <!-- TC3 -->
        <test-method signature="TC4()[pri:0, instance:WebDriver.example8_Suite_Sample2@659a969b]" started-at="2022-04-11T11:46:32 IST" name="TC4" finished-at="2022-04-11T11:46:33 IST" duration-ms="3" status="PASS">
          <reporter-output>
            <line>
              <![CDATA[running TC4..]]>
            </line>
          </reporter-output>
        </test-method> <!-- TC4 -->
      </class> <!-- WebDriver.example8_Suite_Sample2 -->
      <class name="WebDriver.example8_Suite_Sample1">
        <test-method signature="TC1()[pri:0, instance:WebDriver.example8_Suite_Sample1@63021689]" started-at="2022-04-11T11:46:33 IST" name="TC1" finished-at="2022-04-11T11:46:33 IST" duration-ms="3" status="PASS">
          <reporter-output>
            <line>
              <![CDATA[running TC1..]]>
            </line>
          </reporter-output>
        </test-method> <!-- TC1 -->
        <test-method signature="TC2()[pri:0, instance:WebDriver.example8_Suite_Sample1@63021689]" started-at="2022-04-11T11:46:33 IST" name="TC2" finished-at="2022-04-11T11:46:33 IST" duration-ms="3" status="PASS">
          <reporter-output>
            <line>
              <![CDATA[running TC2..]]>
            </line>
          </reporter-output>
        </test-method> <!-- TC2 -->
      </class> <!-- WebDriver.example8_Suite_Sample1 -->
    </test> <!-- Test -->
  </suite> <!-- Suite -->
</testng-results>
