<?xml version="1.0" encoding="UTF-8"?>
<testng-results ignored="0" total="2" passed="2" failed="0" skipped="0">
  <reporter-output>
    <line>
      <![CDATA[running TC10]]>
    </line>
    <line>
      <![CDATA[running TC11]]>
    </line>
  </reporter-output>
  <suite started-at="2022-03-24T08:17:42 IST" name="Default suite" finished-at="2022-03-24T08:17:43 IST" duration-ms="90">
    <groups>
    </groups>
    <test started-at="2022-03-24T08:17:42 IST" name="Default test" finished-at="2022-03-24T08:17:43 IST" duration-ms="90">
      <class name="TestNg.Example3_EmailbleReport2">
        <test-method signature="TC10()[pri:0, instance:TestNg.Example3_EmailbleReport2@76908cc0]" started-at="2022-03-24T08:17:42 IST" name="TC10" finished-at="2022-03-24T08:17:42 IST" duration-ms="12" status="PASS">
          <reporter-output>
            <line>
              <![CDATA[running TC10]]>
            </line>
          </reporter-output>
        </test-method> <!-- TC10 -->
        <test-method signature="TC11()[pri:0, instance:TestNg.Example3_EmailbleReport2@76908cc0]" started-at="2022-03-24T08:17:42 IST" name="TC11" finished-at="2022-03-24T08:17:42 IST" duration-ms="2" status="PASS">
          <reporter-output>
            <line>
              <![CDATA[running TC11]]>
            </line>
          </reporter-output>
        </test-method> <!-- TC11 -->
      </class> <!-- TestNg.Example3_EmailbleReport2 -->
    </test> <!-- Default test -->
  </suite> <!-- Default suite -->
</testng-results>
