<?xml version="1.0" encoding="UTF-8"?>
<!-- Generated by org.testng.reporters.JUnitXMLReporter -->
<testsuite ignored="0" hostname="DESKTOP-QJDSUSO" failures="0" tests="2" name="Default test" time="0.084" errors="0" timestamp="2022-04-04T15:26:25 IST">
  <testcase classname="testng.example10_Assertion_Verification_Using_AssertClass2_AssertNotEquals" name="AssertNotEquals" time="0.012"/>
  <testcase classname="testng.example10_Assertion_Verification_Using_AssertClass2_AssertNotEquals" name="AssertNotEquals1" time="0.002"/>
</testsuite> <!-- Default test -->
