<?xml version="1.0" encoding="UTF-8"?>
<!-- Generated by org.testng.reporters.JUnitXMLReporter -->
<testsuite ignored="0" hostname="DESKTOP-QJDSUSO" failures="1" tests="6" name="Test" time="0.132" errors="0" timestamp="2022-04-03T13:28:21 IST">
  <testcase classname="framework.Example8_Suite_Sample4" name="TC6" time="0.016"/>
  <testcase classname="framework.Example8_Suite_Sample4" name="TC7" time="0.003"/>
  <testcase classname="framework.Example8_Suite_Sample3" name="TC5" time="0.004"/>
  <testcase classname="framework.Example8_Suite_Sample3" name="TC6" time="0.005">
    <failure type="java.lang.AssertionError" message="null">
      <![CDATA[java.lang.AssertionError: null
at framework.Example8_Suite_Sample3.TC6(Example8_Suite_Sample3.java:16)
at java.base/java.util.ArrayList.forEach(ArrayList.java:1511)
... Removed 29 stack frames]]>
    </failure>
  </testcase> <!-- TC6 -->
  <testcase classname="framework.Example8_Suite_Sample1" name="TC1" time="0.003"/>
  <testcase classname="framework.Example8_Suite_Sample1" name="TC2" time="0.002"/>
</testsuite> <!-- Test -->
