<?xml version="1.0" encoding="UTF-8"?>
<!-- Generated by org.testng.reporters.JUnitXMLReporter -->
<testsuite ignored="0" hostname="DESKTOP-QJDSUSO" failures="0" tests="4" name="Test" time="0.089" errors="0" timestamp="2022-04-11T11:46:33 IST">
  <testcase classname="WebDriver.example8_Suite_Sample2" name="TC3" time="0.013"/>
  <testcase classname="WebDriver.example8_Suite_Sample2" name="TC4" time="0.003"/>
  <testcase classname="WebDriver.example8_Suite_Sample1" name="TC1" time="0.003"/>
  <testcase classname="WebDriver.example8_Suite_Sample1" name="TC2" time="0.003"/>
</testsuite> <!-- Test -->
